============================================================
 SprintBite OS - INTERACTIVE CLIENT/SERVER MODULE
 TCP server listening on port 5000
 Waiting for clients...
 Send orders using: ./scripts/run_client.sh "Pizza"
 Stop server using: ./scripts/run_client.sh "exit"
============================================================
[SERVER][CONNECT] New client connected | active clients=1
[SERVER][MESSAGE] Client sent: "Pizza pepperoni"
[SERVER][ORDER] Order #1 registered: Pizza pepperoni
[SERVER][RESPONSE] Confirmation sent for order #1
[SERVER][DISCONNECT] Client disconnected | active clients=0
[SERVER][CONNECT] New client connected | active clients=1
[SERVER][MESSAGE] Client sent: "Hamburguesa doble"
[SERVER][ORDER] Order #2 registered: Hamburguesa doble
[SERVER][RESPONSE] Confirmation sent for order #2
[SERVER][DISCONNECT] Client disconnected | active clients=0
[SERVER][CONNECT] New client connected | active clients=1
[SERVER][MESSAGE] Client sent: "Orden premium: ramen"
[SERVER][ORDER] Order #3 registered: Orden premium: ramen
[SERVER][RESPONSE] Confirmation sent for order #3
[SERVER][DISCONNECT] Client disconnected | active clients=0
[SERVER][CONNECT] New client connected | active clients=1
[SERVER][MESSAGE] Client sent: "Orden urgente: burrito"
[SERVER][ORDER] Order #4 registered: Orden urgente: burrito
[SERVER][RESPONSE] Confirmation sent for order #4
[SERVER][DISCONNECT] Client disconnected | active clients=0
